0 info it worked if it ends with ok
1 verbose cli [ '/usr/bin/node',
1 verbose cli   '/usr/bin/npm',
1 verbose cli   'install',
1 verbose cli   'body-parser',
1 verbose cli   '--save' ]
2 info using npm@1.4.28
3 info using node@v0.10.38
4 verbose node symlink /usr/bin/node
5 warn package.json snacka@1.0.0 No repository field.
6 warn package.json snacka@1.0.0 No README data
7 warn package.json path@0.11.14 path is also the name of a node core module.
8 verbose readDependencies using package.json deps
9 verbose cache add [ 'body-parser', null ]
10 verbose cache add name=undefined spec="body-parser" args=["body-parser",null]
11 verbose parsed url { protocol: null,
11 verbose parsed url   slashes: null,
11 verbose parsed url   auth: null,
11 verbose parsed url   host: null,
11 verbose parsed url   port: null,
11 verbose parsed url   hostname: null,
11 verbose parsed url   hash: null,
11 verbose parsed url   search: null,
11 verbose parsed url   query: null,
11 verbose parsed url   pathname: 'body-parser',
11 verbose parsed url   path: 'body-parser',
11 verbose parsed url   href: 'body-parser' }
12 silly lockFile 14cf125c-body-parser body-parser
13 verbose lock body-parser /home/knubbe/.npm/14cf125c-body-parser.lock
14 silly lockFile 14cf125c-body-parser body-parser
15 silly lockFile 14cf125c-body-parser body-parser
16 verbose addNamed [ 'body-parser', '' ]
17 verbose addNamed [ null, '*' ]
18 silly lockFile 9f665704-body-parser body-parser@
19 verbose lock body-parser@ /home/knubbe/.npm/9f665704-body-parser.lock
20 silly addNameRange { name: 'body-parser', range: '*', hasData: false }
21 verbose request where is /body-parser
22 verbose request registry https://registry.npmjs.org/
23 verbose request id ca8c753a64b37423
24 verbose url raw /body-parser
25 verbose url resolving [ 'https://registry.npmjs.org/', './body-parser' ]
26 verbose url resolved https://registry.npmjs.org/body-parser
27 verbose request where is https://registry.npmjs.org/body-parser
28 info trying registry request attempt 1 at 23:08:53
29 verbose etag "4G98EU7AUYVB9BCPCY2CI2RYD"
30 http GET https://registry.npmjs.org/body-parser
31 http 200 https://registry.npmjs.org/body-parser
32 silly registry.get cb [ 200,
32 silly registry.get   { server: 'CouchDB/1.5.0 (Erlang OTP/R16B03)',
32 silly registry.get     etag: '"5A6LIVB4AQD6Z29RNKZ5JD8ZY"',
32 silly registry.get     'content-type': 'application/json',
32 silly registry.get     'cache-control': 'max-age=60',
32 silly registry.get     'content-length': '95500',
32 silly registry.get     'accept-ranges': 'bytes',
32 silly registry.get     date: 'Sun, 03 May 2015 21:08:54 GMT',
32 silly registry.get     via: '1.1 varnish',
32 silly registry.get     age: '56',
32 silly registry.get     connection: 'keep-alive',
32 silly registry.get     'x-served-by': 'cache-fra1239-FRA',
32 silly registry.get     'x-cache': 'HIT',
32 silly registry.get     'x-cache-hits': '4',
32 silly registry.get     'x-timer': 'S1430687334.434361,VS0,VE0',
32 silly registry.get     vary: 'Accept' } ]
33 silly addNameRange number 2 { name: 'body-parser', range: '*', hasData: true }
34 silly addNameRange versions [ 'body-parser',
34 silly addNameRange   [ '1.0.0',
34 silly addNameRange     '1.0.1',
34 silly addNameRange     '1.0.2',
34 silly addNameRange     '1.1.0',
34 silly addNameRange     '1.1.1',
34 silly addNameRange     '1.1.2',
34 silly addNameRange     '1.2.0',
34 silly addNameRange     '1.2.1',
34 silly addNameRange     '1.2.2',
34 silly addNameRange     '1.3.0',
34 silly addNameRange     '1.3.1',
34 silly addNameRange     '1.4.0',
34 silly addNameRange     '1.4.1',
34 silly addNameRange     '1.4.2',
34 silly addNameRange     '1.4.3',
34 silly addNameRange     '1.5.0',
34 silly addNameRange     '1.5.1',
34 silly addNameRange     '1.5.2',
34 silly addNameRange     '1.6.0',
34 silly addNameRange     '1.6.1',
34 silly addNameRange     '1.6.2',
34 silly addNameRange     '1.6.3',
34 silly addNameRange     '1.6.4',
34 silly addNameRange     '1.6.5',
34 silly addNameRange     '1.6.6',
34 silly addNameRange     '1.6.7',
34 silly addNameRange     '1.7.0',
34 silly addNameRange     '1.8.0',
34 silly addNameRange     '1.8.1',
34 silly addNameRange     '1.8.2',
34 silly addNameRange     '1.8.3',
34 silly addNameRange     '1.8.4',
34 silly addNameRange     '1.9.0',
34 silly addNameRange     '1.9.1',
34 silly addNameRange     '1.9.2',
34 silly addNameRange     '1.9.3',
34 silly addNameRange     '1.10.0',
34 silly addNameRange     '1.10.1',
34 silly addNameRange     '1.10.2',
34 silly addNameRange     '1.11.0',
34 silly addNameRange     '1.12.0',
34 silly addNameRange     '1.12.1',
34 silly addNameRange     '1.12.2',
34 silly addNameRange     '1.12.3' ] ]
35 verbose addNamed [ 'body-parser', '1.12.3' ]
36 verbose addNamed [ '1.12.3', '1.12.3' ]
37 silly lockFile 8155d77e-body-parser-1-12-3 body-parser@1.12.3
38 verbose lock body-parser@1.12.3 /home/knubbe/.npm/8155d77e-body-parser-1-12-3.lock
39 silly lockFile b3fe3611-dy-parser-body-parser-1-12-3-tgz https://registry.npmjs.org/body-parser/-/body-parser-1.12.3.tgz
40 verbose lock https://registry.npmjs.org/body-parser/-/body-parser-1.12.3.tgz /home/knubbe/.npm/b3fe3611-dy-parser-body-parser-1-12-3-tgz.lock
41 verbose addRemoteTarball [ 'https://registry.npmjs.org/body-parser/-/body-parser-1.12.3.tgz',
41 verbose addRemoteTarball   '5f40bf17e7823be6895d4d35582752e36cf97f71' ]
42 info retry fetch attempt 1 at 23:08:54
43 verbose fetch to= /tmp/npm-17663-7_qaLpCy/registry.npmjs.org/body-parser/-/body-parser-1.12.3.tgz
44 http GET https://registry.npmjs.org/body-parser/-/body-parser-1.12.3.tgz
45 http 200 https://registry.npmjs.org/body-parser/-/body-parser-1.12.3.tgz
46 silly lockFile b3fe3611-dy-parser-body-parser-1-12-3-tgz https://registry.npmjs.org/body-parser/-/body-parser-1.12.3.tgz
47 silly lockFile b3fe3611-dy-parser-body-parser-1-12-3-tgz https://registry.npmjs.org/body-parser/-/body-parser-1.12.3.tgz
48 silly lockFile 8155d77e-body-parser-1-12-3 body-parser@1.12.3
49 silly lockFile 8155d77e-body-parser-1-12-3 body-parser@1.12.3
50 silly lockFile 9f665704-body-parser body-parser@
51 silly lockFile 9f665704-body-parser body-parser@
52 error Error: EACCES, mkdir '/home/knubbe/.npm/body-parser/1.12.3'
52 error  { [Error: EACCES, mkdir '/home/knubbe/.npm/body-parser/1.12.3']
52 error   errno: 3,
52 error   code: 'EACCES',
52 error   path: '/home/knubbe/.npm/body-parser/1.12.3',
52 error   parent: 'snacka' }
53 error Please try running this command again as root/Administrator.
54 error System Linux 3.13.0-37-generic
55 error command "/usr/bin/node" "/usr/bin/npm" "install" "body-parser" "--save"
56 error cwd /home/knubbe/apps/react/snacka
57 error node -v v0.10.38
58 error npm -v 1.4.28
59 error path /home/knubbe/.npm/body-parser/1.12.3
60 error code EACCES
61 error errno 3
62 error stack Error: EACCES, mkdir '/home/knubbe/.npm/body-parser/1.12.3'
63 verbose exit [ 3, true ]
